kotlinAppDemo/DevBytes/app/build/outputs/mapping/release/mapping.txt
# compiler: R8
# compiler_version: 1.4.77
# min_api: 19
com.example.android.devbyteviewer.DataBinderMapperImpl -> com.example.android.devbyteviewer.a:
    android.util.SparseIntArray INTERNAL_LAYOUT_ID_LOOKUP -> a
    java.util.List collectDependencies() -> a
    androidx.databinding.ViewDataBinding getDataBinder(androidx.databinding.DataBindingComponent,android.view.View,int) -> a
    androidx.databinding.ViewDataBinding getDataBinder(androidx.databinding.DataBindingComponent,android.view.View[],int) -> a
com.example.android.devbyteviewer.database.DatabaseEntitiesKt -> com.example.android.devbyteviewer.database.a:
    java.util.List asDomainModel(java.util.List) -> a
com.example.android.devbyteviewer.database.DatabaseVideo -> com.example.android.devbyteviewer.database.b:
    java.lang.String url -> a
    java.lang.String title -> c
    java.lang.String updated -> b
    java.lang.String thumbnail -> e
    java.lang.String description -> d
    java.lang.String getDescription() -> a
    java.lang.String getThumbnail() -> b
    java.lang.String getTitle() -> c
    java.lang.String getUpdated() -> d
    java.lang.String getUrl() -> e
com.example.android.devbyteviewer.database.RoomKt -> com.example.android.devbyteviewer.database.c:
    com.example.android.devbyteviewer.database.VideosDatabase INSTANCE -> a
    com.example.android.devbyteviewer.database.VideosDatabase getDatabase(android.content.Context) -> a
com.example.android.devbyteviewer.database.VideoDao -> com.example.android.devbyteviewer.database.d:
    androidx.lifecycle.LiveData getVideos() -> a
    void insertAll(java.util.List) -> a
com.example.android.devbyteviewer.database.VideoDao_Impl -> com.example.android.devbyteviewer.database.g:
    androidx.room.RoomDatabase __db -> a
    androidx.room.EntityInsertionAdapter __insertionAdapterOfDatabaseVideo -> b
    androidx.room.RoomDatabase access$000(com.example.android.devbyteviewer.database.VideoDao_Impl) -> a
    androidx.lifecycle.LiveData getVideos() -> a
    void insertAll(java.util.List) -> a
com.example.android.devbyteviewer.database.VideoDao_Impl$1 -> com.example.android.devbyteviewer.database.e:
    com.example.android.devbyteviewer.database.VideoDao_Impl this$0 -> d
    void bind(androidx.sqlite.db.SupportSQLiteStatement,com.example.android.devbyteviewer.database.DatabaseVideo) -> a
    void bind(androidx.sqlite.db.SupportSQLiteStatement,java.lang.Object) -> a
    java.lang.String createQuery() -> c
com.example.android.devbyteviewer.database.VideoDao_Impl$2 -> com.example.android.devbyteviewer.database.f:
    androidx.room.RoomSQLiteQuery val$_statement -> a
    com.example.android.devbyteviewer.database.VideoDao_Impl this$0 -> b
com.example.android.devbyteviewer.database.VideosDatabase -> com.example.android.devbyteviewer.database.VideosDatabase:
    com.example.android.devbyteviewer.database.VideoDao getVideoDao() -> n
...
kotlin.reflect.jvm.internal.impl.load.java.lazy.ModuleClassResolver -> d.i.b.a.b.d.a.c.n:
    kotlin.reflect.jvm.internal.impl.descriptors.ClassDescriptor resolveClass(kotlin.reflect.jvm.internal.impl.load.java.structure.JavaClass) -> a
kotlin.reflect.jvm.internal.impl.load.java.lazy.NullabilityQualifierWithApplicability -> d.i.b.a.b.d.a.c.o:
    java.util.Collection qualifierApplicabilityTypes -> b
    kotlin.reflect.jvm.internal.impl.load.java.typeEnhancement.NullabilityQualifierWithMigrationStatus nullabilityQualifier -> a
    kotlin.reflect.jvm.internal.impl.load.java.typeEnhancement.NullabilityQualifierWithMigrationStatus component1() -> a
    java.util.Collection component2() -> b
kotlin.reflect.jvm.internal.impl.load.java.lazy.SingleModuleClassResolver -> d.i.b.a.b.d.a.c.p:
    kotlin.reflect.jvm.internal.impl.resolve.jvm.JavaDescriptorResolver resolver -> a
    kotlin.reflect.jvm.internal.impl.descriptors.ClassDescriptor resolveClass(kotlin.reflect.jvm.internal.impl.load.java.structure.JavaClass) -> a
    void setResolver(kotlin.reflect.jvm.internal.impl.resolve.jvm.JavaDescriptorResolver) -> a
kotlin.reflect.jvm.internal.impl.load.java.lazy.TypeParameterResolver -> d.i.b.a.b.d.a.c.q:
    kotlin.reflect.jvm.internal.impl.descriptors.TypeParameterDescriptor resolveTypeParameter(kotlin.reflect.jvm.internal.impl.load.java.structure.JavaTypeParameter) -> a
kotlin.reflect.jvm.internal.impl.load.java.lazy.TypeParameterResolver$EMPTY -> d.i.b.a.b.d.a.c.q$a:
    kotlin.reflect.jvm.internal.impl.load.java.lazy.TypeParameterResolver$EMPTY INSTANCE -> a
    kotlin.reflect.jvm.internal.impl.descriptors.TypeParameterDescriptor resolveTypeParameter(kotlin.reflect.jvm.internal.impl.load.java.structure.JavaTypeParameter) -> a
kotlin.reflect.jvm.internal.impl.load.java.lazy.descriptors.ClassDeclaredMemberIndex -> d.i.b.a.b.d.a.c.a.b:
    java.util.Map methods -> b
    kotlin.jvm.functions.Function1 memberFilter -> e
    java.util.Map fields -> c
    kotlin.jvm.functions.Function1 methodFilter -> a
    kotlin.reflect.jvm.internal.impl.load.java.structure.JavaClass jClass -> d
    kotlin.jvm.functions.Function1 access$getMemberFilter$p(kotlin.reflect.jvm.internal.impl.load.java.lazy.descriptors.ClassDeclaredMemberIndex) -> a
    kotlin.reflect.jvm.internal.impl.load.java.structure.JavaField findFieldByName(kotlin.reflect.jvm.internal.impl.name.Name) -> a
    java.util.Set getMethodNames() -> a
    java.util.Collection findMethodsByName(kotlin.reflect.jvm.internal.impl.name.Name) -> b
    java.util.Set getFieldNames() -> b
kotlin.reflect.jvm.internal.impl.load.java.lazy.descriptors.ClassDeclaredMemberIndex$methodFilter$1 -> d.i.b.a.b.d.a.c.a.a:
    kotlin.reflect.jvm.internal.impl.load.java.lazy.descriptors.ClassDeclaredMemberIndex this$0 -> b
    java.lang.Object invoke(java.lang.Object) -> a
    boolean invoke(kotlin.reflect.jvm.internal.impl.load.java.structure.JavaMethod) -> a
kotlin.reflect.jvm.internal.impl.load.java.lazy.descriptors.DeclaredMemberIndex -> d.i.b.a.b.d.a.c.a.c:
    kotlin.reflect.jvm.internal.impl.load.java.structure.JavaField findFieldByName(kotlin.reflect.jvm.internal.impl.name.Name) -> a
    java.util.Set getMethodNames() -> a
    java.util.Collection findMethodsByName(kotlin.reflect.jvm.internal.impl.name.Name) -> b
    java.util.Set getFieldNames() -> b
kotlin.reflect.jvm.internal.impl.load.java.lazy.descriptors.DeclaredMemberIndex$Empty -> d.i.b.a.b.d.a.c.a.c$a:
    kotlin.reflect.jvm.internal.impl.load.java.lazy.descriptors.DeclaredMemberIndex$Empty INSTANCE -> a
    kotlin.reflect.jvm.internal.impl.load.java.structure.JavaField findFieldByName(kotlin.reflect.jvm.internal.impl.name.Name) -> a
    java.util.Set getMethodNames() -> a
    java.util.Collection findMethodsByName(kotlin.reflect.jvm.internal.impl.name.Name) -> b
    java.util.List findMethodsByName(kotlin.reflect.jvm.internal.impl.name.Name) -> b
    java.util.Set getFieldNames() -> b